pathiAI/PathoAI_Native_Android/app/build/intermediates/manifest_merge_blame_file/debug/manifest-merger-blame-debug-report.txt
1<?xml version="1.0" encoding="utf-8"?>
2<manifest xmlns:android="http://schemas.android.com/apk/res/android"
3    package="com.pathoai.app"
4    android:versionCode="1"
5    android:versionName="1.0" >
6
7    <uses-sdk
8        android:minSdkVersion="24"
9        android:targetSdkVersion="34" />
10
11    <uses-permission android:name="android.permission.INTERNET" />
11-->src\main\AndroidManifest.xml:5:5-67
11-->src\main\AndroidManifest.xml:5:22-64
12    <uses-permission android:name="android.permission.CAMERA" />
12-->src\main\AndroidManifest.xml:6:5-65
12-->src\main\AndroidManifest.xml:6:22-62
13    <uses-permission android:name="android.permission.READ_EXTERNAL_STORAGE" />
13-->src\main\AndroidManifest.xml:7:5-80
13-->src\main\AndroidManifest.xml:7:22-77
14
15    <permission
15-->[androidx.core:core:1.10.1] AndroidManifest.xml:22:5-24:47
16        android:name="com.pathoai.app.DYNAMIC_RECEIVER_NOT_EXPORTED_PERMISSION"
16-->[androidx.core:core:1.10.1] AndroidManifest.xml:23:9-81
17        android:protectionLevel="signature" />
17-->[androidx.core:core:1.10.1] AndroidManifest.xml:24:9-44
18
19    <uses-permission android:name="com.pathoai.app.DYNAMIC_RECEIVER_NOT_EXPORTED_PERMISSION" />
19-->[androidx.core:core:1.10.1] AndroidManifest.xml:26:5-97
19-->[androidx.core:core:1.10.1] AndroidManifest.xml:26:22-94
20
21    <application
21-->src\main\AndroidManifest.xml:9:5-42:19
22        android:allowBackup="true"
22-->src\main\AndroidManifest.xml:10:9-35
23        android:appComponentFactory="androidx.core.app.CoreComponentFactory"
23-->[androidx.core:core:1.10.1] AndroidManifest.xml:28:18-86
24        android:debuggable="true"
25        android:extractNativeLibs="false"
26        android:icon="@drawable/logo"
26-->src\main\AndroidManifest.xml:11:9-38
27        android:label="@string/app_name"
27-->src\main\AndroidManifest.xml:12:9-41
28        android:roundIcon="@drawable/logo"
28-->src\main\AndroidManifest.xml:13:9-43
29        android:supportsRtl="true"
29-->src\main\AndroidManifest.xml:14:9-35
30        android:theme="@style/Theme.PathoAI"
30-->src\main\AndroidManifest.xml:15:9-45
31        android:usesCleartextTraffic="true" >
31-->src\main\AndroidManifest.xml:16:9-44
32        <activity
32-->src\main\AndroidManifest.xml:18:9-26:20
33            android:name="com.pathoai.app.SplashActivity"
33-->src\main\AndroidManifest.xml:19:13-43
34            android:exported="true"
34-->src\main\AndroidManifest.xml:20:13-36
35            android:theme="@style/Theme.PathoAI.NoActionBar" >
35-->src\main\AndroidManifest.xml:21:13-61
36            <intent-filter>
36-->src\main\AndroidManifest.xml:22:13-25:29
37                <action android:name="android.intent.action.MAIN" />
37-->src\main\AndroidManifest.xml:23:17-69
37-->src\main\AndroidManifest.xml:23:25-66
38
39                <category android:name="android.intent.category.LAUNCHER" />
39-->src\main\AndroidManifest.xml:24:17-77
39-->src\main\AndroidManifest.xml:24:27-74
40            </intent-filter>
41        </activity>
42        <activity
42-->src\main\AndroidManifest.xml:28:9-76
43            android:name="com.pathoai.app.LoginActivity"
43-->src\main\AndroidManifest.xml:28:19-48
44            android:exported="false" />
44-->src\main\AndroidManifest.xml:28:49-73
45        <activity
45-->src\main\AndroidManifest.xml:29:9-75
46            android:name="com.pathoai.app.MainActivity"
46-->src\main\AndroidManifest.xml:29:19-47
47            android:exported="false" />
47-->src\main\AndroidManifest.xml:29:48-72
48        <activity
48-->src\main\AndroidManifest.xml:30:9-85
49            android:name="com.pathoai.app.AnalysisResultActivity"
49-->src\main\AndroidManifest.xml:30:19-57
50            android:exported="false" />
50-->src\main\AndroidManifest.xml:30:58-82
51
52        <provider
52-->src\main\AndroidManifest.xml:32:9-40:20
53            android:name="androidx.core.content.FileProvider"
53-->src\main\AndroidManifest.xml:33:13-62
54            android:authorities="com.pathoai.app.fileprovider"
54-->src\main\AndroidManifest.xml:34:13-63
55            android:exported="false"
55-->src\main\AndroidManifest.xml:35:13-37
56            android:grantUriPermissions="true" >
56-->src\main\AndroidManifest.xml:36:13-47
57            <meta-data
57-->src\main\AndroidManifest.xml:37:13-39:54
58                android:name="android.support.FILE_PROVIDER_PATHS"
58-->src\main\AndroidManifest.xml:38:17-67
59                android:resource="@xml/file_paths" />
59-->src\main\AndroidManifest.xml:39:17-51
60        </provider>
61        <provider
61-->[androidx.emoji2:emoji2:1.2.0] AndroidManifest.xml:24:9-32:20
62            android:name="androidx.startup.InitializationProvider"
62-->[androidx.emoji2:emoji2:1.2.0] AndroidManifest.xml:25:13-67
63            android:authorities="com.pathoai.app.androidx-startup"
63-->[androidx.emoji2:emoji2:1.2.0] AndroidManifest.xml:26:13-68
64            android:exported="false" >
64-->[androidx.emoji2:emoji2:1.2.0] AndroidManifest.xml:27:13-37
65            <meta-data
65-->[androidx.emoji2:emoji2:1.2.0] AndroidManifest.xml:29:13-31:52
66                android:name="androidx.emoji2.text.EmojiCompatInitializer"
66-->[androidx.emoji2:emoji2:1.2.0] AndroidManifest.xml:30:17-75
67                android:value="androidx.startup" />
67-->[androidx.emoji2:emoji2:1.2.0] AndroidManifest.xml:31:17-49
68            <meta-data
68-->[androidx.lifecycle:lifecycle-process:2.4.1] AndroidManifest.xml:31:13-33:52
69                android:name="androidx.lifecycle.ProcessLifecycleInitializer"
69-->[androidx.lifecycle:lifecycle-process:2.4.1] AndroidManifest.xml:32:17-78
70                android:value="androidx.startup" />
70-->[androidx.lifecycle:lifecycle-process:2.4.1] AndroidManifest.xml:33:17-49
71        </provider>
72    </application>
73
74</manifest>